make all --print-data-base --no-builtin-variables --no-builtin-rules --question
# GNU Make 3.81
# Copyright (C) 2006  Free Software Foundation, Inc.
# This is free software; see the source for copying conditions.
# There is NO warranty; not even for MERCHANTABILITY or FITNESS FOR A
# PARTICULAR PURPOSE.

# This program built for i386-apple-darwin11.3.0
 
make: *** No rule to make target `all'.  Stop.


# Make data base, printed on Thu Aug 25 10:07:49 2022

# Variables

# automatic
 
<D = $(patsubst %/,%,$(dir $<))
# environment
RUBY_VERSION = ruby-3.0.3
# automatic
?F = $(notdir $?)
# environment
ELECTRON_NO_ATTACH_CONSOLE = 1
# environment
SMTP_HOST = smtp.mailtrap.io
# environment
LC_CTYPE = UTF-8
# environment
SMTP_PORT = 587
# automatic
?D = $(patsubst %/,%,$(dir $?))
# environment
CPPFLAGS = -I/usr/local/opt/php@8.0/include
# environment
rvm_path = /Users/terdia/.rvm
# environment
mysqlDbUsername = terdia
# automatic
@D = $(patsubst %/,%,$(dir $@))
# automatic
@F = $(notdir $@)
# makefile
CURDIR := /Users/terdia/code/go-project-template
# makefile
SHELL = /bin/sh
# environment
VSCODE_NLS_CONFIG = {"locale":"en-gb","availableLanguages":{},"_languagePackSupport":true}
# environment
_ = /usr/bin/make
# environment
VSCODE_PID = 99277
# makefile (from `Makefile', line 1)
MAKEFILE_LIST :=  Makefile
# environment
SESSION_SECRET = s6Ndh+pPbnzHbS*+9Pk8qGWhTzbpa@ge
# environment
VSCODE_AMD_ENTRYPOINT = vs/workbench/api/node/extensionHostProcess
# environment
rvm_ruby_mode = 
# environment
rvm_ruby_make = 
# environment
__CFBundleIdentifier = com.microsoft.VSCode
# environment
rvm_proxy = 
# environment
P9K_SSH = 0
# environment
mysqlDbPassword = password
# environment
VSCODE_CWD = /Users/terdia/code/go-project-template
# environment
GOPROXY = https://proxy.golang.org,direct
# environment
rvm_pretty_print_flag = 
# environment
PATH = /Users/terdia/.rvm/gems/ruby-3.0.3/bin:/Users/terdia/.rvm/gems/ruby-3.0.3@global/bin:/Users/terdia/.rvm/rubies/ruby-3.0.3/bin:/usr/local/opt/php@8.0/sbin:/usr/local/opt/php@8.0/bin:/usr/local/opt/tomcat@9/bin:/Users/terdia/.cargo/bin:/usr/local/opt/openjdk@8/bin:/Users/terdia/google-cloud-sdk/bin:/usr/local/opt/mysql@5.7/bin:/usr/local/opt/libpq/bin:/usr/local/opt/apr-util/bin:/usr/local/bin:/usr/bin:/bin:/usr/sbin:/sbin:/usr/local/go/bin:/usr/local/share/dotnet:~/.dotnet/tools:/Library/Frameworks/Mono.framework/Versions/Current/Commands:/Users/terdia/.rvm/bin:/Users/terdia/.composer/vendor/bin
# environment
XDEBUG_CONFIG = idekey=VSCODE
# environment
LSCOLORS = Gxfxcxdxbxegedabagacad
# environment
rvm_niceness = 
# environment
GOPATH = /Users/terdia/go
# environment
rvm_only_path_flag = 
# environment
LaunchInstanceID = AB15C1F8-1096-48F6-99B3-C0303E4B85F1
# environment
rvm_gemstone_package_file = 
# environment
ELECTRON_RUN_AS_NODE = 1
# environment
mysqlDbSchema = users_db
# environment
LDFLAGS = -L/usr/local/opt/php@8.0/lib
# environment
rvm_alias_expanded = 
# default
 
.FEATURES := target-specific order-only second-expansion else-if archives jobserver check-symlink
# environment
SSH_AUTH_SOCK = /private/tmp/com.apple.launchd.muXfp6iXId/Listeners
# automatic
%F = $(notdir $%)
# environment
rvm_bin_path = /Users/terdia/.rvm/bin
# environment
PWD = /Users/terdia/code/go-project-template
# environment
GEM_HOME = /Users/terdia/.rvm/gems/ruby-3.0.3
# environment
rvm_docs_type = 
# environment
ORIGINAL_XDG_CURRENT_DESKTOP = undefined
# environment
GOMODCACHE = /Users/terdia/go/pkg/mod
# environment
HOME = /Users/terdia
# default
MAKEFILEPATH := /Applications/Xcode.app/Contents/Developer/Makefiles
# environment
VSCODE_CLI = 1
# environment
VSCODE_CODE_CACHE_PATH = /Users/terdia/Library/Application Support/Code/CachedData/da76f93349a72022ca4670c1b84860304616aaa2
# environment
LOGNAME = terdia
# environment
APPLICATION_INSIGHTS_NO_DIAGNOSTIC_CHANNEL = true
# environment
ZSH = /Users/terdia/.oh-my-zsh
# environment
VSCODE_HANDLES_UNCAUGHT_ERRORS = true
# automatic
^D = $(patsubst %/,%,$(dir $^))
# environment
rvm_ruby_bits = 
# environment
GEM_PATH = /Users/terdia/.rvm/gems/ruby-3.0.3:/Users/terdia/.rvm/gems/ruby-3.0.3@global
# environment
XPC_FLAGS = 0x0
# environment
COLORTERM = truecolor
# environment
rvm_ruby_make_install = 
# default
MAKE = $(MAKE_COMMAND)
# environment
LC_TERMINAL = iTerm2
# environment
IRBRC = /Users/terdia/.rvm/rubies/ruby-3.0.3/.irbrc
# environment
SHLVL = 3
# environment
rvm_quiet_flag = 
# default
MAKE_VERSION := 3.81
# environment
USER = terdia
# makefile
.DEFAULT_GOAL := 
# environment
MAIL_PASSOWRD = 4dd6c26a183d37
# default
MAKECMDGOALS := all
# environment
TERM_SESSION_ID = w0t0p0:AABA2F1E-D172-4AE8-BACF-88C2C5E1C686
# environment
rvm_version = 1.29.12 (latest)
# environment
LESS = -R
# automatic
%D = $(patsubst %/,%,$(dir $%))
# default
MAKE_COMMAND := /Applications/Xcode.app/Contents/Developer/usr/bin/make
# environment
MAIL_SENDER = Terry Greenlight <no-reply@greenlight.com>
# environment
TERM_PROGRAM = iTerm.app
# default
.VARIABLES := 
# environment
TMPDIR = /var/folders/_z/kcnrhb_j3mn50y79rjwqmn800000gn/T/
# automatic
*F = $(notdir $*)
# environment
VSCODE_IPC_HOOK = /Users/terdia/Library/Application Support/Code/1.70.0-main.sock
# environment
MallocNanoZone = 0
# makefile
 
MAKEFLAGS = Rrqp
# environment
MFLAGS = -Rrqp
# automatic
*D = $(patsubst %/,%,$(dir $*))
# environment
TERM_PROGRAM_VERSION = 3.4.15
# environment
rvm_script_name = 
# environment
XPC_SERVICE_NAME = application.com.microsoft.VSCode.71845214.71845229.D4FE890A-C209-4912-8591-D8F5D29236CF
# environment
LC_TERMINAL_VERSION = 3.4.15
# automatic
+D = $(patsubst %/,%,$(dir $+))
# automatic
+F = $(notdir $+)
# environment
ITERM_SESSION_ID = w0t0p0:AABA2F1E-D172-4AE8-BACF-88C2C5E1C686
# environment
rvm_sdk = 
# environment
MAIL_USERNAME = 79237366ddcb45
# environment
COLORFGBG = 12;8
# environment
__CF_USER_TEXT_ENCODING = 0x1F5:0x0:0x0
# environment
COMMAND_MODE = unix2003
# default
MAKEFILES := 
# automatic
<F = $(notdir $<)
# environment
ITERM_PROFILE = Default
# environment
rvm_silent_flag = 
# environment
rvm_gemstone_url = 
# environment
GREENLIGHT_DB_DSN = postgres://greenlight:password@postgres/greenlight?sslmode=disable
# environment
PAGER = less
# environment
LC_ALL = C
# environment
rvm_bin_flag = 
# environment
CORS_ALLOWED = http://localhost:9000 http://localhost:9001
# environment
SECURITYSESSIONID = 186a3
# environment
P9K_TTY = old
# automatic
^F = $(notdir $^)
# environment
rvm_prefix = /Users/terdia
# environment
mysqlDbHost = localhost
# default
SUFFIXES := 
# environment
rvm_ruby_file = 
# default
.INCLUDE_DIRS = /usr/local/include
# environment
MAKELEVEL := 0
# environment
LANG = C
# environment
TERM = xterm-256color
# environment
rvm_use_flag = 
# environment
rvm_hook = 
# environment
MY_RUBY_HOME = /Users/terdia/.rvm/rubies/ruby-3.0.3
# environment
rvm_nightly_flag = 
# variable set hash-table stats:
# Load=127/1024=12%, Rehash=0, Collisions=10/150=7%

# Pattern-specific Variable Values

# No pattern-specific variable values.

# Directories

# . (device 16777225, inode 72420278): 12 files, no impossibilities.

# 12 files, no impossibilities in 1 directories.

# Implicit Rules

# No implicit rules.

# Files

# Not a target:
all:
#  Command-line target.
#  Implicit rule search has been done.
#  File does not exist.
#  File has not been updated.
# variable set hash-table stats:
# Load=0/32=0%, Rehash=0, Collisions=0/0=0%

# Not a target:
.SUFFIXES:
#  Implicit rule search has not been done.
#  Modification time never checked.
#  File has not been updated.

# Not a target:
Makefile:
#  Implicit rule search has been done.
#  Last modified 2022-08-25 10:06:46
#  File has been updated.
#  Successfully updated.
# variable set hash-table stats:
# Load=0/32=0%, Rehash=0, Collisions=0/0=0%

# Not a target:
.DEFAULT:
#  Implicit rule search has not been done.
#  Modification time never checked.
#  File has not been updated.

# files hash-table stats:
# Load=4/1024=0%, Rehash=0, Collisions=0/16=0%
# VPATH Search Paths

# No `vpath' search paths.

# No general (`VPATH' variable) search path.

# # of strings in strcache: 1
# # of strcache buffers: 1
# strcache size: total = 4096 / max = 4096 / min = 4096 / avg = 4096
# strcache free: total = 4087 / max = 4087 / min = 4087 / avg = 4087

# Finished Make data base on Thu Aug 25 10:07:49 2022

 
